Running: /opt/Xilinx/14.7/ISE_DS/ISE/bin/lin64/unwrapped/fuse -intstyle ise -incremental -lib secureip -o /home/ise/lab1_andgate/and_tb_isim_beh.exe -prj /home/ise/lab1_andgate/and_tb_beh.prj work.and_tb 
ISim P.20131013 (signature 0xfbc00daa)
Number of CPUs detected in this system: 1
Turning on mult-threading, number of parallel sub-compilation jobs: 0 
Determining compilation order of HDL files
Parsing VHDL file "/home/ise/lab1_andgate/and_trl.vhd" into library work
Parsing VHDL file "/home/ise/lab1_andgate/and_tb.vhd" into library work
Starting static elaboration
Completed static elaboration
Fuse Memory Usage: 95304 KB
Fuse CPU Usage: 890 ms
Compiling package standard
Compiling package std_logic_1164
Compiling architecture behavioral of entity and_trl [and_trl_default]
Compiling architecture behavior of entity and_tb
Time Resolution for simulation is 1ps.
Compiled 5 VHDL Units
Built simulation executable /home/ise/lab1_andgate/and_tb_isim_beh.exe
Fuse Memory Usage: 103920 KB
Fuse CPU Usage: 900 ms
GCC CPU Usage: 90 ms
