Running: /opt/Xilinx/14.7/ISE_DS/ISE/bin/lin64/unwrapped/fuse -intstyle ise -incremental -lib secureip -o /home/ise/lab8_circuit2_schematic/circuit2_sch_circuit2_sch_sch_tb_isim_beh.exe -prj /home/ise/lab8_circuit2_schematic/circuit2_sch_circuit2_sch_sch_tb_beh.prj work.circuit2_sch_circuit2_sch_sch_tb 
ISim P.20131013 (signature 0xfbc00daa)
Number of CPUs detected in this system: 1
Turning on mult-threading, number of parallel sub-compilation jobs: 0 
Determining compilation order of HDL files
Parsing VHDL file "/home/ise/lab8_circuit2_schematic/xor_rtl.vhd" into library work
Parsing VHDL file "/home/ise/lab8_circuit2_schematic/xnor_rtl.vhd" into library work
Parsing VHDL file "/home/ise/lab8_circuit2_schematic/or_rtl.vhd" into library work
Parsing VHDL file "/home/ise/lab8_circuit2_schematic/and_trl.vhd" into library work
Parsing VHDL file "/home/ise/lab8_circuit2_schematic/circuit2_sch.vhf" into library work
Parsing VHDL file "/home/ise/lab8_circuit2_schematic/circuit2_sch_tb.vhd" into library work
Starting static elaboration
Completed static elaboration
Fuse Memory Usage: 112904 KB
Fuse CPU Usage: 940 ms
Compiling package standard
Compiling package std_logic_1164
Compiling package numeric_std
Compiling package vcomponents
Compiling architecture behavioral of entity and_trl [and_trl_default]
Compiling architecture behavioral of entity or_rtl [or_rtl_default]
Compiling architecture behavioral of entity xnor_rtl [xnor_rtl_default]
Compiling architecture behavioral of entity xor_rtl [xor_rtl_default]
Compiling architecture behavioral of entity circuit2_sch [circuit2_sch_default]
Compiling architecture behavioral of entity circuit2_sch_circuit2_sch_sch_tb
Time Resolution for simulation is 1ps.
Compiled 15 VHDL Units
Built simulation executable /home/ise/lab8_circuit2_schematic/circuit2_sch_circuit2_sch_sch_tb_isim_beh.exe
Fuse Memory Usage: 128268 KB
Fuse CPU Usage: 990 ms
GCC CPU Usage: 1060 ms
