Running: /opt/Xilinx/14.7/ISE_DS/ISE/bin/lin64/unwrapped/fuse -intstyle ise -incremental -lib secureip -o /home/ise/lab3_notgate/not_tb_isim_beh.exe -prj /home/ise/lab3_notgate/not_tb_beh.prj work.not_tb 
ISim P.20131013 (signature 0xfbc00daa)
Number of CPUs detected in this system: 1
Turning on mult-threading, number of parallel sub-compilation jobs: 0 
Determining compilation order of HDL files
Parsing VHDL file "/home/ise/lab3_notgate/not_rtl.vhd" into library work
Parsing VHDL file "/home/ise/lab3_notgate/not_tb.vhd" into library work
Starting static elaboration
Completed static elaboration
Fuse Memory Usage: 95300 KB
Fuse CPU Usage: 890 ms
Compiling package standard
Compiling package std_logic_1164
Compiling architecture behavioral of entity not_rtl [not_rtl_default]
Compiling architecture behavior of entity not_tb
Time Resolution for simulation is 1ps.
Compiled 5 VHDL Units
Built simulation executable /home/ise/lab3_notgate/not_tb_isim_beh.exe
Fuse Memory Usage: 103912 KB
Fuse CPU Usage: 900 ms
GCC CPU Usage: 300 ms
