Running: /opt/Xilinx/14.7/ISE_DS/ISE/bin/lin64/unwrapped/fuse -intstyle ise -incremental -lib secureip -o /home/ise/lab2_orgate/or_tb_isim_beh.exe -prj /home/ise/lab2_orgate/or_tb_beh.prj work.or_tb 
ISim P.20131013 (signature 0xfbc00daa)
Number of CPUs detected in this system: 1
Turning on mult-threading, number of parallel sub-compilation jobs: 0 
Determining compilation order of HDL files
Parsing VHDL file "/home/ise/lab2_orgate/or_rtl.vhd" into library work
Parsing VHDL file "/home/ise/lab2_orgate/or_tb.vhd" into library work
Starting static elaboration
Completed static elaboration
Fuse Memory Usage: 95300 KB
Fuse CPU Usage: 750 ms
Compiling package standard
Compiling package std_logic_1164
Compiling architecture behavioral of entity or_rtl [or_rtl_default]
Compiling architecture behavior of entity or_tb
Time Resolution for simulation is 1ps.
Compiled 5 VHDL Units
Built simulation executable /home/ise/lab2_orgate/or_tb_isim_beh.exe
Fuse Memory Usage: 103920 KB
Fuse CPU Usage: 770 ms
GCC CPU Usage: 300 ms
